<?xml version="1.0" encoding="UTF-8"?>
<!-- Generated by org.testng.reporters.JUnitReportReporter -->
<testsuite hostname="DESKTOP-3ORSLE9" failures="0" tests="1" name="importantConcepts.Screenshot" time="2.049" errors="0" timestamp="2025-01-27T20:39:47 IST" skipped="0">
  <testcase classname="importantConcepts.Screenshot" name="takeS" time="2.049"/>
  <system-out/>
</testsuite> <!-- importantConcepts.Screenshot -->
