<?xml version="1.0" encoding="UTF-8"?>
<!-- Generated by org.testng.reporters.JUnitReportReporter -->
<testsuite hostname="DESKTOP-3ORSLE9" failures="0" tests="10" name="com.test.InvocationCountTest" time="0.001" errors="0" timestamp="2024-11-14T18:48:25 IST" skipped="0">
  <testcase classname="com.test.InvocationCountTest" name="sum" time="0.000"/>
  <system-out/>
  <testcase classname="com.test.InvocationCountTest" name="sum" time="0.000"/>
  <system-out/>
  <testcase classname="com.test.InvocationCountTest" name="sum" time="0.000"/>
  <system-out/>
  <testcase classname="com.test.InvocationCountTest" name="sum" time="0.000"/>
  <system-out/>
  <testcase classname="com.test.InvocationCountTest" name="sum" time="0.000"/>
  <system-out/>
  <testcase classname="com.test.InvocationCountTest" name="sum" time="0.001"/>
  <system-out/>
  <testcase classname="com.test.InvocationCountTest" name="sum" time="0.000"/>
  <system-out/>
  <testcase classname="com.test.InvocationCountTest" name="sum" time="0.000"/>
  <system-out/>
  <testcase classname="com.test.InvocationCountTest" name="sum" time="0.000"/>
  <system-out/>
  <testcase classname="com.test.InvocationCountTest" name="sum" time="0.000"/>
  <system-out/>
</testsuite> <!-- com.test.InvocationCountTest -->
