<?xml version="1.0" encoding="UTF-8"?>
<!-- Generated by org.testng.reporters.JUnitReportReporter -->
<testsuite hostname="DESKTOP-3ORSLE9" failures="0" tests="2" name="com.test.TestNGAnnotationsHierarchy" time="0.003" errors="0" timestamp="2024-11-14T18:48:25 IST" skipped="0">
  <testcase classname="com.test.TestNGAnnotationsHierarchy" name="testCase1" time="0.000"/>
  <system-out/>
  <testcase classname="com.test.TestNGAnnotationsHierarchy" name="testCase2" time="0.003"/>
  <system-out/>
</testsuite> <!-- com.test.TestNGAnnotationsHierarchy -->
