<?xml version="1.0" encoding="UTF-8"?>
<!-- Generated by org.testng.reporters.JUnitReportReporter -->
<testsuite hostname="DESKTOP-3ORSLE9" failures="0" tests="2" name="com.test.GoogleTitleTest" time="5.528" errors="0" timestamp="2024-11-14T18:48:25 IST" skipped="0">
  <testcase classname="com.test.GoogleTitleTest" name="getTitle" time="0.020"/>
  <system-out/>
  <testcase classname="com.test.GoogleTitleTest" name="SearchTest" time="5.508"/>
  <system-out/>
</testsuite> <!-- com.test.GoogleTitleTest -->
