<?xml version="1.0" encoding="UTF-8"?>
<!-- Generated by org.testng.reporters.JUnitReportReporter -->
<testsuite hostname="DESKTOP-3ORSLE9" failures="0" tests="1" name="importantConcepts.SlowScroll" time="69.385" errors="0" timestamp="2025-01-25T21:43:35 IST" skipped="0">
  <testcase classname="importantConcepts.SlowScroll" name="testSlowScroll" time="69.385"/>
  <system-out/>
</testsuite> <!-- importantConcepts.SlowScroll -->
